-------------------------------------------------------------------------------
Test set: com.grants.util.TestRunner
-------------------------------------------------------------------------------
Tests run: 22, Failures: 0, Errors: 4, Skipped: 18, Time elapsed: 12.659 sec <<< FAILURE!
Given Login and Navigate to Grantors Tab(Scenario: To create the opportunity)  Time elapsed: 0.005 sec  <<< ERROR!
java.lang.NoClassDefFoundError: org/testng/Assert
	at com.grants.util.DriverTestCase.clickOn(DriverTestCase.java:300)
	at com.grants.pagehelper.LoginHelper.clickOnLoginLink(LoginHelper.java:14)
	at com.grants.pagehelper.LoginHelper.loginAndValidate(LoginHelper.java:57)
	at com.grants.stepDefination.CreateOpportunity.Login_and_navigate_to_Grantors_Tab(CreateOpportunity.java:19)
	at ?.Given Login and Navigate to Grantors Tab(Createopportunity.feature:5)
Caused by: java.lang.ClassNotFoundException: org.testng.Assert
	at java.net.URLClassLoader.findClass(Unknown Source)
	at java.lang.ClassLoader.loadClass(Unknown Source)
	at sun.misc.Launcher$AppClassLoader.loadClass(Unknown Source)
	at java.lang.ClassLoader.loadClass(Unknown Source)
	at com.grants.util.DriverTestCase.clickOn(DriverTestCase.java:300)
	at com.grants.pagehelper.LoginHelper.clickOnLoginLink(LoginHelper.java:14)
	at com.grants.pagehelper.LoginHelper.loginAndValidate(LoginHelper.java:57)
	at com.grants.stepDefination.CreateOpportunity.Login_and_navigate_to_Grantors_Tab(CreateOpportunity.java:19)
	at sun.reflect.NativeMethodAccessorImpl.invoke0(Native Method)
	at sun.reflect.NativeMethodAccessorImpl.invoke(Unknown Source)
	at sun.reflect.DelegatingMethodAccessorImpl.invoke(Unknown Source)
	at java.lang.reflect.Method.invoke(Unknown Source)
	at cucumber.runtime.Utils$1.call(Utils.java:37)
	at cucumber.runtime.Timeout.timeout(Timeout.java:13)
	at cucumber.runtime.Utils.invoke(Utils.java:31)
	at cucumber.runtime.java.JavaStepDefinition.execute(JavaStepDefinition.java:37)
	at cucumber.runtime.StepDefinitionMatch.runStep(StepDefinitionMatch.java:37)
	at cucumber.runtime.Runtime.runStep(Runtime.java:298)
	at cucumber.runtime.model.StepContainer.runStep(StepContainer.java:44)
	at cucumber.runtime.model.StepContainer.runSteps(StepContainer.java:39)
	at cucumber.runtime.model.CucumberScenario.run(CucumberScenario.java:48)
	at cucumber.runtime.junit.ExecutionUnitRunner.run(ExecutionUnitRunner.java:91)
	at cucumber.runtime.junit.FeatureRunner.runChild(FeatureRunner.java:63)
	at cucumber.runtime.junit.FeatureRunner.runChild(FeatureRunner.java:18)
	at org.junit.runners.ParentRunner$3.run(ParentRunner.java:238)
	at org.junit.runners.ParentRunner$1.schedule(ParentRunner.java:63)
	at org.junit.runners.ParentRunner.runChildren(ParentRunner.java:236)
	at org.junit.runners.ParentRunner.access$000(ParentRunner.java:53)
	at org.junit.runners.ParentRunner$2.evaluate(ParentRunner.java:229)
	at org.junit.runners.ParentRunner.run(ParentRunner.java:309)
	at cucumber.runtime.junit.FeatureRunner.run(FeatureRunner.java:70)
	at cucumber.api.junit.Cucumber.runChild(Cucumber.java:93)
	at cucumber.api.junit.Cucumber.runChild(Cucumber.java:37)
	at org.junit.runners.ParentRunner$3.run(ParentRunner.java:238)
	at org.junit.runners.ParentRunner$1.schedule(ParentRunner.java:63)
	at org.junit.runners.ParentRunner.runChildren(ParentRunner.java:236)
	at org.junit.runners.ParentRunner.access$000(ParentRunner.java:53)
	at org.junit.runners.ParentRunner$2.evaluate(ParentRunner.java:229)
	at org.junit.runners.ParentRunner.run(ParentRunner.java:309)
	at cucumber.api.junit.Cucumber.run(Cucumber.java:98)
	at org.apache.maven.surefire.junit4.JUnit4Provider.execute(JUnit4Provider.java:252)
	at org.apache.maven.surefire.junit4.JUnit4Provider.executeTestSet(JUnit4Provider.java:141)
	at org.apache.maven.surefire.junit4.JUnit4Provider.invoke(JUnit4Provider.java:112)
	at sun.reflect.NativeMethodAccessorImpl.invoke0(Native Method)
	at sun.reflect.NativeMethodAccessorImpl.invoke(Unknown Source)
	at sun.reflect.DelegatingMethodAccessorImpl.invoke(Unknown Source)
	at java.lang.reflect.Method.invoke(Unknown Source)
	at org.apache.maven.surefire.util.ReflectionUtils.invokeMethodWithArray(ReflectionUtils.java:189)
	at org.apache.maven.surefire.booter.ProviderFactory$ProviderProxy.invoke(ProviderFactory.java:165)
	at org.apache.maven.surefire.booter.ProviderFactory.invokeProvider(ProviderFactory.java:85)
	at org.apache.maven.surefire.booter.ForkedBooter.runSuitesInProcess(ForkedBooter.java:115)
	at org.apache.maven.surefire.booter.ForkedBooter.main(ForkedBooter.java:75)

Scenario: To create the opportunity  Time elapsed: 0.006 sec  <<< ERROR!
java.lang.NoClassDefFoundError: org/testng/Assert
	at com.grants.util.DriverTestCase.clickOn(DriverTestCase.java:300)
	at com.grants.pagehelper.LoginHelper.clickOnLoginLink(LoginHelper.java:14)
	at com.grants.pagehelper.LoginHelper.loginAndValidate(LoginHelper.java:57)
	at com.grants.stepDefination.CreateOpportunity.Login_and_navigate_to_Grantors_Tab(CreateOpportunity.java:19)
	at ?.Given Login and Navigate to Grantors Tab(Createopportunity.feature:5)
Caused by: java.lang.ClassNotFoundException: org.testng.Assert
	at java.net.URLClassLoader.findClass(Unknown Source)
	at java.lang.ClassLoader.loadClass(Unknown Source)
	at sun.misc.Launcher$AppClassLoader.loadClass(Unknown Source)
	at java.lang.ClassLoader.loadClass(Unknown Source)
	at com.grants.util.DriverTestCase.clickOn(DriverTestCase.java:300)
	at com.grants.pagehelper.LoginHelper.clickOnLoginLink(LoginHelper.java:14)
	at com.grants.pagehelper.LoginHelper.loginAndValidate(LoginHelper.java:57)
	at com.grants.stepDefination.CreateOpportunity.Login_and_navigate_to_Grantors_Tab(CreateOpportunity.java:19)
	at sun.reflect.NativeMethodAccessorImpl.invoke0(Native Method)
	at sun.reflect.NativeMethodAccessorImpl.invoke(Unknown Source)
	at sun.reflect.DelegatingMethodAccessorImpl.invoke(Unknown Source)
	at java.lang.reflect.Method.invoke(Unknown Source)
	at cucumber.runtime.Utils$1.call(Utils.java:37)
	at cucumber.runtime.Timeout.timeout(Timeout.java:13)
	at cucumber.runtime.Utils.invoke(Utils.java:31)
	at cucumber.runtime.java.JavaStepDefinition.execute(JavaStepDefinition.java:37)
	at cucumber.runtime.StepDefinitionMatch.runStep(StepDefinitionMatch.java:37)
	at cucumber.runtime.Runtime.runStep(Runtime.java:298)
	at cucumber.runtime.model.StepContainer.runStep(StepContainer.java:44)
	at cucumber.runtime.model.StepContainer.runSteps(StepContainer.java:39)
	at cucumber.runtime.model.CucumberScenario.run(CucumberScenario.java:48)
	at cucumber.runtime.junit.ExecutionUnitRunner.run(ExecutionUnitRunner.java:91)
	at cucumber.runtime.junit.FeatureRunner.runChild(FeatureRunner.java:63)
	at cucumber.runtime.junit.FeatureRunner.runChild(FeatureRunner.java:18)
	at org.junit.runners.ParentRunner$3.run(ParentRunner.java:238)
	at org.junit.runners.ParentRunner$1.schedule(ParentRunner.java:63)
	at org.junit.runners.ParentRunner.runChildren(ParentRunner.java:236)
	at org.junit.runners.ParentRunner.access$000(ParentRunner.java:53)
	at org.junit.runners.ParentRunner$2.evaluate(ParentRunner.java:229)
	at org.junit.runners.ParentRunner.run(ParentRunner.java:309)
	at cucumber.runtime.junit.FeatureRunner.run(FeatureRunner.java:70)
	at cucumber.api.junit.Cucumber.runChild(Cucumber.java:93)
	at cucumber.api.junit.Cucumber.runChild(Cucumber.java:37)
	at org.junit.runners.ParentRunner$3.run(ParentRunner.java:238)
	at org.junit.runners.ParentRunner$1.schedule(ParentRunner.java:63)
	at org.junit.runners.ParentRunner.runChildren(ParentRunner.java:236)
	at org.junit.runners.ParentRunner.access$000(ParentRunner.java:53)
	at org.junit.runners.ParentRunner$2.evaluate(ParentRunner.java:229)
	at org.junit.runners.ParentRunner.run(ParentRunner.java:309)
	at cucumber.api.junit.Cucumber.run(Cucumber.java:98)
	at org.apache.maven.surefire.junit4.JUnit4Provider.execute(JUnit4Provider.java:252)
	at org.apache.maven.surefire.junit4.JUnit4Provider.executeTestSet(JUnit4Provider.java:141)
	at org.apache.maven.surefire.junit4.JUnit4Provider.invoke(JUnit4Provider.java:112)
	at sun.reflect.NativeMethodAccessorImpl.invoke0(Native Method)
	at sun.reflect.NativeMethodAccessorImpl.invoke(Unknown Source)
	at sun.reflect.DelegatingMethodAccessorImpl.invoke(Unknown Source)
	at java.lang.reflect.Method.invoke(Unknown Source)
	at org.apache.maven.surefire.util.ReflectionUtils.invokeMethodWithArray(ReflectionUtils.java:189)
	at org.apache.maven.surefire.booter.ProviderFactory$ProviderProxy.invoke(ProviderFactory.java:165)
	at org.apache.maven.surefire.booter.ProviderFactory.invokeProvider(ProviderFactory.java:85)
	at org.apache.maven.surefire.booter.ForkedBooter.runSuitesInProcess(ForkedBooter.java:115)
	at org.apache.maven.surefire.booter.ForkedBooter.main(ForkedBooter.java:75)

Given Fill the details in NEW PACKAGE CREATION form(Scenario: New Package creation)  Time elapsed: 0 sec  <<< ERROR!
java.lang.NoClassDefFoundError: org/testng/Assert
	at com.grants.util.DriverTestCase.selectDropDown(DriverTestCase.java:331)
	at com.grants.pagehelper.CreateOpportunityHelper.fillNewPackageCreationForm(CreateOpportunityHelper.java:77)
	at com.grants.stepDefination.CreateOpportunity.fill_the_details_in_NEW_PACKAGE_CREATION_form(CreateOpportunity.java:62)
	at ?.Given Fill the details in NEW PACKAGE CREATION form(Createopportunity.feature:15)

Scenario: New Package creation  Time elapsed: 0.001 sec  <<< ERROR!
java.lang.NoClassDefFoundError: org/testng/Assert
	at com.grants.util.DriverTestCase.selectDropDown(DriverTestCase.java:331)
	at com.grants.pagehelper.CreateOpportunityHelper.fillNewPackageCreationForm(CreateOpportunityHelper.java:77)
	at com.grants.stepDefination.CreateOpportunity.fill_the_details_in_NEW_PACKAGE_CREATION_form(CreateOpportunity.java:62)
	at ?.Given Fill the details in NEW PACKAGE CREATION form(Createopportunity.feature:15)

