-------------------------------------------------------------------------------
Test set: Scenario: New Package creation
-------------------------------------------------------------------------------
Tests run: 37, Failures: 2, Errors: 2, Skipped: 11, Time elapsed: 86.759 sec <<< FAILURE! - in Scenario: New Package creation
And Enter Template name and Click Save button(Scenario: To create the application template)  Time elapsed: 0.005 sec  <<< ERROR!
org.openqa.selenium.StaleElementReferenceException: stale element reference: element is not attached to the page document
  (Session info: chrome=60.0.3112.90)
  (Driver info: chromedriver=2.30.477700 (0057494ad8732195794a7b32078424f92a5fce41),platform=Windows NT 10.0.10240 x86_64) (WARNING: The server did not provide any stacktrace information)
Command duration or timeout: 16 milliseconds
For documentation on this error, please visit: http://seleniumhq.org/exceptions/stale_element_reference.html
Build info: version: '3.4.0', revision: 'unknown', time: 'unknown'
System info: host: '360NDCPC072', ip: '192.168.8.18', os.name: 'Windows 10', os.arch: 'amd64', os.version: '10.0', java.version: '1.8.0_111'
Driver info: org.openqa.selenium.chrome.ChromeDriver
Capabilities [{applicationCacheEnabled=false, rotatable=false, mobileEmulationEnabled=false, networkConnectionEnabled=false, chrome={chromedriverVersion=2.30.477700 (0057494ad8732195794a7b32078424f92a5fce41), userDataDir=C:\Users\RAJNEE~1\AppData\Local\Temp\scoped_dir6452_9531}, takesHeapSnapshot=true, pageLoadStrategy=normal, databaseEnabled=false, handlesAlerts=true, hasTouchScreen=false, version=60.0.3112.90, platform=XP, browserConnectionEnabled=false, nativeEvents=true, acceptSslCerts=true, locationContextEnabled=true, webStorageEnabled=true, browserName=chrome, takesScreenshot=true, javascriptEnabled=true, cssSelectorsEnabled=true, unexpectedAlertBehaviour=}]
Session ID: 64cc0c85b4a7136efac66c109b88d1c7
	at sun.reflect.NativeConstructorAccessorImpl.newInstance0(Native Method)
	at sun.reflect.NativeConstructorAccessorImpl.newInstance(NativeConstructorAccessorImpl.java:62)
	at sun.reflect.DelegatingConstructorAccessorImpl.newInstance(DelegatingConstructorAccessorImpl.java:45)
	at java.lang.reflect.Constructor.newInstance(Constructor.java:423)
	at org.openqa.selenium.remote.ErrorHandler.createThrowable(ErrorHandler.java:215)
	at org.openqa.selenium.remote.ErrorHandler.throwIfResponseFailed(ErrorHandler.java:167)
	at org.openqa.selenium.remote.RemoteWebDriver.execute(RemoteWebDriver.java:671)
	at org.openqa.selenium.remote.RemoteWebElement.execute(RemoteWebElement.java:272)
	at org.openqa.selenium.remote.RemoteWebElement.click(RemoteWebElement.java:82)
	at com.grants.util.DriverTestCase.clickOn(DriverTestCase.java:300)
	at com.grants.pagehelper.CreateTemplateHelper.enterTemplateNameClickSave(CreateTemplateHelper.java:86)
	at com.grants.stepDefination.CreateTemplate.enter_Template_name_and_Click_Save_button(CreateTemplate.java:88)
	at ?.And Enter Template name and Click Save button(CreateTemplate.feature:22)

Scenario: To create the application template  Time elapsed: 0.012 sec  <<< ERROR!
org.openqa.selenium.StaleElementReferenceException: stale element reference: element is not attached to the page document
  (Session info: chrome=60.0.3112.90)
  (Driver info: chromedriver=2.30.477700 (0057494ad8732195794a7b32078424f92a5fce41),platform=Windows NT 10.0.10240 x86_64) (WARNING: The server did not provide any stacktrace information)
Command duration or timeout: 16 milliseconds
For documentation on this error, please visit: http://seleniumhq.org/exceptions/stale_element_reference.html
Build info: version: '3.4.0', revision: 'unknown', time: 'unknown'
System info: host: '360NDCPC072', ip: '192.168.8.18', os.name: 'Windows 10', os.arch: 'amd64', os.version: '10.0', java.version: '1.8.0_111'
Driver info: org.openqa.selenium.chrome.ChromeDriver
Capabilities [{applicationCacheEnabled=false, rotatable=false, mobileEmulationEnabled=false, networkConnectionEnabled=false, chrome={chromedriverVersion=2.30.477700 (0057494ad8732195794a7b32078424f92a5fce41), userDataDir=C:\Users\RAJNEE~1\AppData\Local\Temp\scoped_dir6452_9531}, takesHeapSnapshot=true, pageLoadStrategy=normal, databaseEnabled=false, handlesAlerts=true, hasTouchScreen=false, version=60.0.3112.90, platform=XP, browserConnectionEnabled=false, nativeEvents=true, acceptSslCerts=true, locationContextEnabled=true, webStorageEnabled=true, browserName=chrome, takesScreenshot=true, javascriptEnabled=true, cssSelectorsEnabled=true, unexpectedAlertBehaviour=}]
Session ID: 64cc0c85b4a7136efac66c109b88d1c7
	at sun.reflect.NativeConstructorAccessorImpl.newInstance0(Native Method)
	at sun.reflect.NativeConstructorAccessorImpl.newInstance(NativeConstructorAccessorImpl.java:62)
	at sun.reflect.DelegatingConstructorAccessorImpl.newInstance(DelegatingConstructorAccessorImpl.java:45)
	at java.lang.reflect.Constructor.newInstance(Constructor.java:423)
	at org.openqa.selenium.remote.ErrorHandler.createThrowable(ErrorHandler.java:215)
	at org.openqa.selenium.remote.ErrorHandler.throwIfResponseFailed(ErrorHandler.java:167)
	at org.openqa.selenium.remote.RemoteWebDriver.execute(RemoteWebDriver.java:671)
	at org.openqa.selenium.remote.RemoteWebElement.execute(RemoteWebElement.java:272)
	at org.openqa.selenium.remote.RemoteWebElement.click(RemoteWebElement.java:82)
	at com.grants.util.DriverTestCase.clickOn(DriverTestCase.java:300)
	at com.grants.pagehelper.CreateTemplateHelper.enterTemplateNameClickSave(CreateTemplateHelper.java:86)
	at com.grants.stepDefination.CreateTemplate.enter_Template_name_and_Click_Save_button(CreateTemplate.java:88)
	at ?.And Enter Template name and Click Save button(CreateTemplate.feature:22)

Then Select template from search result table(Scenario: New Package creation)  Time elapsed: 0.002 sec  <<< FAILURE!
java.lang.AssertionError: Element Locator ://span[@class='ui-radiobutton-icon ui-icon ui-icon-blank'] Not found expected [true] but found [false]
	at org.testng.Assert.fail(Assert.java:94)
	at org.testng.Assert.failNotEquals(Assert.java:494)
	at org.testng.Assert.assertTrue(Assert.java:42)
	at com.grants.util.DriverTestCase.clickOn(DriverTestCase.java:298)
	at com.grants.pagehelper.CreateOpportunityHelper.selectTemplateFromSearchResultTable(CreateOpportunityHelper.java:112)
	at com.grants.stepDefination.CreateOpportunity.select_template_from_search_result_table(CreateOpportunity.java:80)
	at ?.Then Select template from search result table(Createopportunity.feature:18)

Scenario: New Package creation  Time elapsed: 0.003 sec  <<< FAILURE!
java.lang.AssertionError: Element Locator ://span[@class='ui-radiobutton-icon ui-icon ui-icon-blank'] Not found expected [true] but found [false]
	at org.testng.Assert.fail(Assert.java:94)
	at org.testng.Assert.failNotEquals(Assert.java:494)
	at org.testng.Assert.assertTrue(Assert.java:42)
	at com.grants.util.DriverTestCase.clickOn(DriverTestCase.java:298)
	at com.grants.pagehelper.CreateOpportunityHelper.selectTemplateFromSearchResultTable(CreateOpportunityHelper.java:112)
	at com.grants.stepDefination.CreateOpportunity.select_template_from_search_result_table(CreateOpportunity.java:80)
	at ?.Then Select template from search result table(Createopportunity.feature:18)

