<?xml version="1.0" encoding="UTF-8"?>
<testsuite name="Scenario: New Package creation" time="0.025" tests="37" errors="2" skipped="11" failures="2">
  <properties>
    <property name="PROCESSOR_ARCHITECTURE" value="AMD64"/>
    <property name="file.encoding.pkg" value="sun.io"/>
    <property name="LOGONSERVER" value="\\360LOGICADC01"/>
    <property name="ProgramData" value="C:\ProgramData"/>
    <property name="java.home" value="C:\Program Files\Java\jdk1.8.0_111\jre"/>
    <property name="TITLE" value="Tomcat"/>
    <property name="NODE_NAME" value="master"/>
    <property name="CATALINA_HOME" value="D:\apache-tomcat-7.0.79"/>
    <property name="ALLUSERSPROFILE" value="C:\ProgramData"/>
    <property name="java.endorsed.dirs" value="C:\Program Files\Java\jdk1.8.0_111\jre\lib\endorsed"/>
    <property name="PSModulePath" value="C:\Windows\system32\WindowsPowerShell\v1.0\Modules\"/>
    <property name="=::" value="::\"/>
    <property name="USERDOMAIN" value="360LOGICA"/>
    <property name="sun.os.patch.level" value=""/>
    <property name="java.vendor.url" value="http://java.oracle.com/"/>
    <property name="JAVA_OPTS" value=" &quot;-Djdk.tls.ephemeralDHKeySize=2048&quot;"/>
    <property name="CommonProgramFiles(x86)" value="C:\Program Files (x86)\Common Files"/>
    <property name="java.version" value="1.8.0_111"/>
    <property name="JOB_NAME" value="GrantsAutomation"/>
    <property name="COMPUTERNAME" value="360NDCPC072"/>
    <property name="EXECUTABLE" value="D:\apache-tomcat-7.0.79\bin\catalina.bat"/>
    <property name="java.vendor.url.bug" value="http://bugreport.sun.com/bugreport/"/>
    <property name="PUBLIC" value="C:\Users\Public"/>
    <property name="user.name" value="rajneeshk"/>
    <property name="sun.io.unicode.encoding" value="UnicodeLittle"/>
    <property name="sun.jnu.encoding" value="Cp1252"/>
    <property name="java.runtime.name" value="Java(TM) SE Runtime Environment"/>
    <property name="windir" value="C:\Windows"/>
    <property name="PROCESSOR_IDENTIFIER" value="Intel64 Family 6 Model 158 Stepping 9, GenuineIntel"/>
    <property name="java.specification.name" value="Java Platform API Specification"/>
    <property name="LOCALAPPDATA" value="C:\Users\rajneeshk\AppData\Local"/>
    <property name="RUN_CHANGES_DISPLAY_URL" value="http://unconfigured-jenkins-location/job/GrantsAutomation/23/display/redirect?page=changes"/>
    <property name="user.timezone" value="Asia/Calcutta"/>
    <property name="user.script" value=""/>
    <property name="path.separator" value=";"/>
    <property name="NUMBER_OF_PROCESSORS" value="4"/>
    <property name="BUILD_TAG" value="jenkins-GrantsAutomation-23"/>
    <property name="file.encoding" value="Cp1252"/>
    <property name="sun.java.command" value="jenkins.maven3.agent.Maven35Main D:\apache-maven-3.5.0 D:\apache-tomcat-7.0.79\webapps\jenkins\WEB-INF\lib\remoting-3.7.jar C:\Users\rajneeshk\.jenkins\plugins\maven-plugin\WEB-INF\lib\maven35-interceptor-1.11.jar C:\Users\rajneeshk\.jenkins\plugins\maven-plugin\WEB-INF\lib\maven3-interceptor-commons-1.11.jar 62667"/>
    <property name="JENKINS_SERVER_COOKIE" value="a4da8027cf7b8b84"/>
    <property name="=D:" value="D:\apache-tomcat-7.0.79\bin"/>
    <property name="EXECUTOR_NUMBER" value="0"/>
    <property name="Path" value="C:\Program Files\Java\jdk1.8.0_111/bin;C:\Program Files\Java\jdk1.8.0_111\bin;C:\Program Files\Git\cmd"/>
    <property name="java.io.tmpdir" value="C:\Users\RAJNEE~1\AppData\Local\Temp\"/>
    <property name="APPDATA" value="C:\Users\rajneeshk\AppData\Roaming"/>
    <property name="user.language" value="en"/>
    <property name="CATALINA_TMPDIR" value="D:\apache-tomcat-7.0.79\temp"/>
    <property name="line.separator" value="&#10;"/>
    <property name="JAVA_ENDORSED_DIRS" value="D:\apache-tomcat-7.0.79\endorsed"/>
    <property name="ACTION" value="start"/>
    <property name="M2_HOME" value="D:\apache-maven-3.5.0"/>
    <property name="=C:" value="C:\Users\rajneeshk"/>
    <property name="java.vm.info" value="mixed mode"/>
    <property name="sun.desktop" value="windows"/>
    <property name="java.vm.specification.name" value="Java Virtual Machine Specification"/>
    <property name="BUILD_DISPLAY_NAME" value="#23"/>
    <property name="OS" value="Windows_NT"/>
    <property name="guice.disable.misplaced.annotation.check" value="true"/>
    <property name="CATALINA_BASE" value="D:\apache-tomcat-7.0.79"/>
    <property name="HUDSON_SERVER_COOKIE" value="a4da8027cf7b8b84"/>
    <property name="JRE_HOME" value="C:\Program Files\Java\jre1.8.0_144"/>
    <property name="_EXECJAVA" value="start &quot;Tomcat&quot; &quot;C:\Program Files\Java\jre1.8.0_144\bin\java.exe&quot;"/>
    <property name="_RUNJAVA" value="&quot;C:\Program Files\Java\jre1.8.0_144\bin\java.exe&quot;"/>
    <property name="MAVEN_HOME" value="D:\apache-maven-3.5.0"/>
    <property name="SESSIONNAME" value="Console"/>
    <property name="PATHEXT" value=".COM;.EXE;.BAT;.CMD;.VBS;.VBE;.JS;.JSE;.WSF;.WSH;.MSC"/>
    <property name="java.awt.printerjob" value="sun.awt.windows.WPrinterJob"/>
    <property name="maven3.interceptor.common" value="C:\Users\rajneeshk\.jenkins\plugins\maven-plugin\WEB-INF\lib\maven3-interceptor-commons-1.11.jar"/>
    <property name="CLASSPATH" value=""/>
    <property name="LOGGING_CONFIG" value="-Djava.util.logging.config.file=&quot;D:\apache-tomcat-7.0.79\conf\logging.properties&quot;"/>
    <property name="HOMEPATH" value="\Users\rajneeshk"/>
    <property name="os.name" value="Windows 10"/>
    <property name="java.specification.vendor" value="Oracle Corporation"/>
    <property name="java.vm.name" value="Java HotSpot(TM) 64-Bit Server VM"/>
    <property name="BUILD_NUMBER" value="23"/>
    <property name="maven3.interceptor" value="C:\Users\rajneeshk\.jenkins\plugins\maven-plugin\WEB-INF\lib\maven35-interceptor-1.11.jar"/>
    <property name="java.library.path" value="C:\Program Files\Java\jdk1.8.0_111\bin;C:\Windows\Sun\Java\bin;C:\Windows\system32;C:\Windows;D:\apache-maven-3.5.0/bin;C:\Program Files\Java\jdk1.8.0_111/bin;C:\Program Files\Java\jdk1.8.0_111/bin;C:\Program Files\Java\jdk1.8.0_111\bin;C:\Program Files\Git\cmd;."/>
    <property name="HOMEDRIVE" value="C:"/>
    <property name="POM_GROUPID" value="GrantsAutomation"/>
    <property name="POM_ARTIFACTID" value="GrantsAutomation"/>
    <property name="java.class.version" value="52.0"/>
    <property name="JSSE_OPTS" value="&quot;-Djdk.tls.ephemeralDHKeySize=2048&quot;"/>
    <property name="LOGGING_MANAGER" value="-Djava.util.logging.manager=org.apache.juli.ClassLoaderLogManager"/>
    <property name="_RUNJDB" value="&quot;C:\Program Files\Java\jdk1.8.0_111\bin\jdb.exe&quot;"/>
    <property name="OneDrive" value="C:\Users\rajneeshk\OneDrive"/>
    <property name="RUN_DISPLAY_URL" value="http://unconfigured-jenkins-location/job/GrantsAutomation/23/display/redirect"/>
    <property name="MAINCLASS" value="org.apache.catalina.startup.Bootstrap"/>
    <property name="JENKINS_HOME" value="C:\Users\rajneeshk\.jenkins"/>
    <property name="BUILD_ID" value="23"/>
    <property name="TEMP" value="C:\Users\RAJNEE~1\AppData\Local\Temp"/>
    <property name="sun.boot.library.path" value="C:\Program Files\Java\jdk1.8.0_111\jre\bin"/>
    <property name="sun.management.compiler" value="HotSpot 64-Bit Tiered Compilers"/>
    <property name="java.awt.graphicsenv" value="sun.awt.Win32GraphicsEnvironment"/>
    <property name="user.variant" value=""/>
    <property name="PROCESSOR_REVISION" value="9e09"/>
    <property name="POM_VERSION" value="0.0.1-SNAPSHOT"/>
    <property name="HUDSON_HOME" value="C:\Users\rajneeshk\.jenkins"/>
    <property name="ProgramFiles(x86)" value="C:\Program Files (x86)"/>
    <property name="PATH+MAVEN" value="D:\apache-maven-3.5.0/bin"/>
    <property name="USERDOMAIN_ROAMINGPROFILE" value="360LOGICA"/>
    <property name="PROMPT" value="$P$G"/>
    <property name="CURRENT_DIR" value="D:\apache-tomcat-7.0.79\bin"/>
    <property name="java.vm.specification.version" value="1.8"/>
    <property name="JAVA_HOME" value="C:\Program Files\Java\jdk1.8.0_111"/>
    <property name="awt.toolkit" value="sun.awt.windows.WToolkit"/>
    <property name="NODE_LABELS" value="master"/>
    <property name="sun.cpu.isalist" value="amd64"/>
    <property name="USERPROFILE" value="C:\Users\rajneeshk"/>
    <property name="JOB_DISPLAY_URL" value="http://unconfigured-jenkins-location/job/GrantsAutomation/display/redirect"/>
    <property name="java.ext.dirs" value="C:\Program Files\Java\jdk1.8.0_111\jre\lib\ext;C:\Windows\Sun\Java\lib\ext"/>
    <property name="os.version" value="10.0"/>
    <property name="user.home" value="C:\Users\rajneeshk"/>
    <property name="USERNAME" value="rajneeshk"/>
    <property name="java.vm.vendor" value="Oracle Corporation"/>
    <property name="PROCESSOR_LEVEL" value="6"/>
    <property name="USERDNSDOMAIN" value="360LOGICA.COM"/>
    <property name="CommonProgramW6432" value="C:\Program Files\Common Files"/>
    <property name="user.dir" value="C:\Users\rajneeshk\eclipse-workspace\GrantsAutomation"/>
    <property name="maven.conf" value="D:\apache-maven-3.5.0\conf"/>
    <property name="ProgramW6432" value="C:\Program Files"/>
    <property name="TMP" value="C:\Users\RAJNEE~1\AppData\Local\Temp"/>
    <property name="sun.cpu.endian" value="little"/>
    <property name="SystemDrive" value="C:"/>
    <property name="java.vm.version" value="25.111-b14"/>
    <property name="java.class.path" value="C:\Users\rajneeshk\.jenkins\plugins\maven-plugin\WEB-INF\lib\maven35-agent-1.11.jar;D:\apache-maven-3.5.0\boot\plexus-classworlds-2.5.2.jar;D:\apache-maven-3.5.0/conf/logging"/>
    <property name="org.slf4j.simpleLogger.defaultLogLevel" value="info"/>
    <property name="os.arch" value="amd64"/>
    <property name="WORKSPACE" value="C:\Users\rajneeshk\.jenkins\workspace\GrantsAutomation"/>
    <property name="ComSpec" value="C:\Windows\system32\cmd.exe"/>
    <property name="sun.java.launcher" value="SUN_STANDARD"/>
    <property name="SystemRoot" value="C:\Windows"/>
    <property name="CommonProgramFiles" value="C:\Program Files\Common Files"/>
    <property name="java.vm.specification.vendor" value="Oracle Corporation"/>
    <property name="file.separator" value="\"/>
    <property name="java.runtime.version" value="1.8.0_111-b14"/>
    <property name="ProgramFiles" value="C:\Program Files"/>
    <property name="sun.boot.class.path" value="C:\Program Files\Java\jdk1.8.0_111\jre\lib\resources.jar;C:\Program Files\Java\jdk1.8.0_111\jre\lib\rt.jar;C:\Program Files\Java\jdk1.8.0_111\jre\lib\sunrsasign.jar;C:\Program Files\Java\jdk1.8.0_111\jre\lib\jsse.jar;C:\Program Files\Java\jdk1.8.0_111\jre\lib\jce.jar;C:\Program Files\Java\jdk1.8.0_111\jre\lib\charsets.jar;C:\Program Files\Java\jdk1.8.0_111\jre\lib\jfr.jar;C:\Program Files\Java\jdk1.8.0_111\jre\classes"/>
    <property name="PATH+JDK" value="C:\Program Files\Java\jdk1.8.0_111/bin"/>
    <property name="user.country" value="US"/>
    <property name="POM_PACKAGING" value="jar"/>
    <property name="maven.home" value="D:\apache-maven-3.5.0"/>
    <property name="JOB_BASE_NAME" value="GrantsAutomation"/>
    <property name="java.vendor" value="Oracle Corporation"/>
    <property name="POM_DISPLAYNAME" value="GrantsAutomation"/>
    <property name="java.specification.version" value="1.8"/>
    <property name="sun.arch.data.model" value="64"/>
  </properties>
  <testcase name="Given Open browser and load application" classname="Scenario: Test login with valid credentials" time="0.001"/>
  <testcase name="And Click on login link button and then click on grantor account" classname="Scenario: Test login with valid credentials" time="0"/>
  <testcase name="When enter valid username and valid password and Click on login button" classname="Scenario: Test login with valid credentials" time="0"/>
  <testcase name="Then Verify that user Loged-In successfully and should be on on Grantor section." classname="Scenario: Test login with valid credentials" time="0"/>
  <testcase name="Then Hover on Grantor tab and Validate Manage Application Template link" classname="Scenario: Test login with valid credentials" time="0"/>
  <testcase name="Scenario: Test login with valid credentials" classname="Scenario: Test login with valid credentials" time="0.001"/>
  <testcase name="Given Click on Manage Application Package Template link" classname="Scenario: To create the application template" time="0"/>
  <testcase name="And Verify that user is on MANAGE APPLICATION PACKAGE TEMPLATES page." classname="Scenario: To create the application template" time="0"/>
  <testcase name="When Click Create on Create New Template button." classname="Scenario: To create the application template" time="0"/>
  <testcase name="And Select Form Family and Click Next Button." classname="Scenario: To create the application template" time="0"/>
  <testcase name="And Click on Add/Modify template form then Select optional forms and Click on Save button" classname="Scenario: To create the application template" time="0"/>
  <testcase name="And Enter Template name and Click Save button" classname="Scenario: To create the application template" time="0.005">
    <error message="stale element reference: element is not attached to the page document&#10;  (Session info: chrome=60.0.3112.90)&#10;  (Driver info: chromedriver=2.30.477700 (0057494ad8732195794a7b32078424f92a5fce41),platform=Windows NT 10.0.10240 x86_64) (WARNING: The server did not provide any stacktrace information)&#10;Command duration or timeout: 16 milliseconds&#10;For documentation on this error, please visit: http://seleniumhq.org/exceptions/stale_element_reference.html&#10;Build info: version: &apos;3.4.0&apos;, revision: &apos;unknown&apos;, time: &apos;unknown&apos;&#10;System info: host: &apos;360NDCPC072&apos;, ip: &apos;192.168.8.18&apos;, os.name: &apos;Windows 10&apos;, os.arch: &apos;amd64&apos;, os.version: &apos;10.0&apos;, java.version: &apos;1.8.0_111&apos;&#10;Driver info: org.openqa.selenium.chrome.ChromeDriver&#10;Capabilities [{applicationCacheEnabled=false, rotatable=false, mobileEmulationEnabled=false, networkConnectionEnabled=false, chrome={chromedriverVersion=2.30.477700 (0057494ad8732195794a7b32078424f92a5fce41), userDataDir=C:\Users\RAJNEE~1\AppData\Local\Temp\scoped_dir6452_9531}, takesHeapSnapshot=true, pageLoadStrategy=normal, databaseEnabled=false, handlesAlerts=true, hasTouchScreen=false, version=60.0.3112.90, platform=XP, browserConnectionEnabled=false, nativeEvents=true, acceptSslCerts=true, locationContextEnabled=true, webStorageEnabled=true, browserName=chrome, takesScreenshot=true, javascriptEnabled=true, cssSelectorsEnabled=true, unexpectedAlertBehaviour=}]&#10;Session ID: 64cc0c85b4a7136efac66c109b88d1c7" type="org.openqa.selenium.StaleElementReferenceException">org.openqa.selenium.StaleElementReferenceException: stale element reference: element is not attached to the page document
  (Session info: chrome=60.0.3112.90)
  (Driver info: chromedriver=2.30.477700 (0057494ad8732195794a7b32078424f92a5fce41),platform=Windows NT 10.0.10240 x86_64) (WARNING: The server did not provide any stacktrace information)
Command duration or timeout: 16 milliseconds
For documentation on this error, please visit: http://seleniumhq.org/exceptions/stale_element_reference.html
Build info: version: '3.4.0', revision: 'unknown', time: 'unknown'
System info: host: '360NDCPC072', ip: '192.168.8.18', os.name: 'Windows 10', os.arch: 'amd64', os.version: '10.0', java.version: '1.8.0_111'
Driver info: org.openqa.selenium.chrome.ChromeDriver
Capabilities [{applicationCacheEnabled=false, rotatable=false, mobileEmulationEnabled=false, networkConnectionEnabled=false, chrome={chromedriverVersion=2.30.477700 (0057494ad8732195794a7b32078424f92a5fce41), userDataDir=C:\Users\RAJNEE~1\AppData\Local\Temp\scoped_dir6452_9531}, takesHeapSnapshot=true, pageLoadStrategy=normal, databaseEnabled=false, handlesAlerts=true, hasTouchScreen=false, version=60.0.3112.90, platform=XP, browserConnectionEnabled=false, nativeEvents=true, acceptSslCerts=true, locationContextEnabled=true, webStorageEnabled=true, browserName=chrome, takesScreenshot=true, javascriptEnabled=true, cssSelectorsEnabled=true, unexpectedAlertBehaviour=}]
Session ID: 64cc0c85b4a7136efac66c109b88d1c7
	at sun.reflect.NativeConstructorAccessorImpl.newInstance0(Native Method)
	at sun.reflect.NativeConstructorAccessorImpl.newInstance(NativeConstructorAccessorImpl.java:62)
	at sun.reflect.DelegatingConstructorAccessorImpl.newInstance(DelegatingConstructorAccessorImpl.java:45)
	at java.lang.reflect.Constructor.newInstance(Constructor.java:423)
	at org.openqa.selenium.remote.ErrorHandler.createThrowable(ErrorHandler.java:215)
	at org.openqa.selenium.remote.ErrorHandler.throwIfResponseFailed(ErrorHandler.java:167)
	at org.openqa.selenium.remote.RemoteWebDriver.execute(RemoteWebDriver.java:671)
	at org.openqa.selenium.remote.RemoteWebElement.execute(RemoteWebElement.java:272)
	at org.openqa.selenium.remote.RemoteWebElement.click(RemoteWebElement.java:82)
	at com.grants.util.DriverTestCase.clickOn(DriverTestCase.java:300)
	at com.grants.pagehelper.CreateTemplateHelper.enterTemplateNameClickSave(CreateTemplateHelper.java:86)
	at com.grants.stepDefination.CreateTemplate.enter_Template_name_and_Click_Save_button(CreateTemplate.java:88)
	at ✽.And Enter Template name and Click Save button(CreateTemplate.feature:22)
</error>
  </testcase>
  <testcase name="Scenario: To create the application template" classname="Scenario: To create the application template" time="0.012">
    <error message="stale element reference: element is not attached to the page document&#10;  (Session info: chrome=60.0.3112.90)&#10;  (Driver info: chromedriver=2.30.477700 (0057494ad8732195794a7b32078424f92a5fce41),platform=Windows NT 10.0.10240 x86_64) (WARNING: The server did not provide any stacktrace information)&#10;Command duration or timeout: 16 milliseconds&#10;For documentation on this error, please visit: http://seleniumhq.org/exceptions/stale_element_reference.html&#10;Build info: version: &apos;3.4.0&apos;, revision: &apos;unknown&apos;, time: &apos;unknown&apos;&#10;System info: host: &apos;360NDCPC072&apos;, ip: &apos;192.168.8.18&apos;, os.name: &apos;Windows 10&apos;, os.arch: &apos;amd64&apos;, os.version: &apos;10.0&apos;, java.version: &apos;1.8.0_111&apos;&#10;Driver info: org.openqa.selenium.chrome.ChromeDriver&#10;Capabilities [{applicationCacheEnabled=false, rotatable=false, mobileEmulationEnabled=false, networkConnectionEnabled=false, chrome={chromedriverVersion=2.30.477700 (0057494ad8732195794a7b32078424f92a5fce41), userDataDir=C:\Users\RAJNEE~1\AppData\Local\Temp\scoped_dir6452_9531}, takesHeapSnapshot=true, pageLoadStrategy=normal, databaseEnabled=false, handlesAlerts=true, hasTouchScreen=false, version=60.0.3112.90, platform=XP, browserConnectionEnabled=false, nativeEvents=true, acceptSslCerts=true, locationContextEnabled=true, webStorageEnabled=true, browserName=chrome, takesScreenshot=true, javascriptEnabled=true, cssSelectorsEnabled=true, unexpectedAlertBehaviour=}]&#10;Session ID: 64cc0c85b4a7136efac66c109b88d1c7" type="org.openqa.selenium.StaleElementReferenceException">org.openqa.selenium.StaleElementReferenceException: stale element reference: element is not attached to the page document
  (Session info: chrome=60.0.3112.90)
  (Driver info: chromedriver=2.30.477700 (0057494ad8732195794a7b32078424f92a5fce41),platform=Windows NT 10.0.10240 x86_64) (WARNING: The server did not provide any stacktrace information)
Command duration or timeout: 16 milliseconds
For documentation on this error, please visit: http://seleniumhq.org/exceptions/stale_element_reference.html
Build info: version: '3.4.0', revision: 'unknown', time: 'unknown'
System info: host: '360NDCPC072', ip: '192.168.8.18', os.name: 'Windows 10', os.arch: 'amd64', os.version: '10.0', java.version: '1.8.0_111'
Driver info: org.openqa.selenium.chrome.ChromeDriver
Capabilities [{applicationCacheEnabled=false, rotatable=false, mobileEmulationEnabled=false, networkConnectionEnabled=false, chrome={chromedriverVersion=2.30.477700 (0057494ad8732195794a7b32078424f92a5fce41), userDataDir=C:\Users\RAJNEE~1\AppData\Local\Temp\scoped_dir6452_9531}, takesHeapSnapshot=true, pageLoadStrategy=normal, databaseEnabled=false, handlesAlerts=true, hasTouchScreen=false, version=60.0.3112.90, platform=XP, browserConnectionEnabled=false, nativeEvents=true, acceptSslCerts=true, locationContextEnabled=true, webStorageEnabled=true, browserName=chrome, takesScreenshot=true, javascriptEnabled=true, cssSelectorsEnabled=true, unexpectedAlertBehaviour=}]
Session ID: 64cc0c85b4a7136efac66c109b88d1c7
	at sun.reflect.NativeConstructorAccessorImpl.newInstance0(Native Method)
	at sun.reflect.NativeConstructorAccessorImpl.newInstance(NativeConstructorAccessorImpl.java:62)
	at sun.reflect.DelegatingConstructorAccessorImpl.newInstance(DelegatingConstructorAccessorImpl.java:45)
	at java.lang.reflect.Constructor.newInstance(Constructor.java:423)
	at org.openqa.selenium.remote.ErrorHandler.createThrowable(ErrorHandler.java:215)
	at org.openqa.selenium.remote.ErrorHandler.throwIfResponseFailed(ErrorHandler.java:167)
	at org.openqa.selenium.remote.RemoteWebDriver.execute(RemoteWebDriver.java:671)
	at org.openqa.selenium.remote.RemoteWebElement.execute(RemoteWebElement.java:272)
	at org.openqa.selenium.remote.RemoteWebElement.click(RemoteWebElement.java:82)
	at com.grants.util.DriverTestCase.clickOn(DriverTestCase.java:300)
	at com.grants.pagehelper.CreateTemplateHelper.enterTemplateNameClickSave(CreateTemplateHelper.java:86)
	at com.grants.stepDefination.CreateTemplate.enter_Template_name_and_Click_Save_button(CreateTemplate.java:88)
	at ✽.And Enter Template name and Click Save button(CreateTemplate.feature:22)
</error>
  </testcase>
  <testcase name="Then Verify that User is able to create and appears in Application package template result table" classname="Scenario: To create the application template" time="0">
    <skipped/>
  </testcase>
  <testcase name="Then Verify that Template name is same as it was entered in the template name text field" classname="Scenario: To create the application template" time="0">
    <skipped/>
  </testcase>
  <testcase name="Given Login and Navigate to Grantors Tab" classname="Scenario: To create the opportunity" time="0"/>
  <testcase name="And Hover Grantors tab and Click on Manage Opportunities link under Grants Opportunities section" classname="Scenario: To create the opportunity" time="0"/>
  <testcase name="Then Verify that User is on MANAGE OPPORTUNITIES page" classname="Scenario: To create the opportunity" time="0"/>
  <testcase name="Then Click Create on Create New Opportunity button" classname="Scenario: To create the opportunity" time="0"/>
  <testcase name="And Enter Opportunity Number Title Category Category Explanation CFDA Number(s)" classname="Scenario: To create the opportunity" time="0"/>
  <testcase name="And Select Opportunity Component as package and Click Next button." classname="Scenario: To create the opportunity" time="0"/>
  <testcase name="Then Verify that User is on NEW PACKAGE CREATION page." classname="Scenario: To create the opportunity" time="0"/>
  <testcase name="Scenario: To create the opportunity" classname="Scenario: To create the opportunity" time="0.001"/>
  <testcase name="Given Fill the details in NEW PACKAGE CREATION form" classname="Scenario: New Package creation" time="0"/>
  <testcase name="Then Click on Select Package Template under Form Package" classname="Scenario: New Package creation" time="0"/>
  <testcase name="And Enter Template Name and click search button" classname="Scenario: New Package creation" time="0"/>
  <testcase name="Then Select template from search result table" classname="Scenario: New Package creation" time="0.002">
    <failure message="Element Locator ://span[@class=&apos;ui-radiobutton-icon ui-icon ui-icon-blank&apos;] Not found expected [true] but found [false]" type="java.lang.AssertionError">java.lang.AssertionError: Element Locator ://span[@class='ui-radiobutton-icon ui-icon ui-icon-blank'] Not found expected [true] but found [false]
	at org.testng.Assert.fail(Assert.java:94)
	at org.testng.Assert.failNotEquals(Assert.java:494)
	at org.testng.Assert.assertTrue(Assert.java:42)
	at com.grants.util.DriverTestCase.clickOn(DriverTestCase.java:298)
	at com.grants.pagehelper.CreateOpportunityHelper.selectTemplateFromSearchResultTable(CreateOpportunityHelper.java:112)
	at com.grants.stepDefination.CreateOpportunity.select_template_from_search_result_table(CreateOpportunity.java:80)
	at ✽.Then Select template from search result table(Createopportunity.feature:18)
</failure>
  </testcase>
  <testcase name="Scenario: New Package creation" classname="Scenario: New Package creation" time="0.003">
    <failure message="Element Locator ://span[@class=&apos;ui-radiobutton-icon ui-icon ui-icon-blank&apos;] Not found expected [true] but found [false]" type="java.lang.AssertionError">java.lang.AssertionError: Element Locator ://span[@class='ui-radiobutton-icon ui-icon ui-icon-blank'] Not found expected [true] but found [false]
	at org.testng.Assert.fail(Assert.java:94)
	at org.testng.Assert.failNotEquals(Assert.java:494)
	at org.testng.Assert.assertTrue(Assert.java:42)
	at com.grants.util.DriverTestCase.clickOn(DriverTestCase.java:298)
	at com.grants.pagehelper.CreateOpportunityHelper.selectTemplateFromSearchResultTable(CreateOpportunityHelper.java:112)
	at com.grants.stepDefination.CreateOpportunity.select_template_from_search_result_table(CreateOpportunity.java:80)
	at ✽.Then Select template from search result table(Createopportunity.feature:18)
</failure>
  </testcase>
  <testcase name="And Click Save button and Click on publish button" classname="Scenario: New Package creation" time="0">
    <skipped/>
  </testcase>
  <testcase name="Then Verify that User is on PACKAGE PUBLICATION VERIFICATION page" classname="Scenario: New Package creation" time="0">
    <skipped/>
  </testcase>
  <testcase name="And Validte Opportunity Number, Title, CFDA Number, CFDA Title, Competition ID, Competition Title" classname="Scenario: New Package creation" time="0">
    <skipped/>
  </testcase>
  <testcase name="And Validate Electronic Required, Expected Number of Applications, Application Size, Open Date, Close Date" classname="Scenario: New Package creation" time="0">
    <skipped/>
  </testcase>
  <testcase name="And Validate Grace Period, Agency Contact, Application Instructions, Available to" classname="Scenario: New Package creation" time="0">
    <skipped/>
  </testcase>
  <testcase name="Then Again Click on publish button to confirm" classname="Scenario: New Package creation" time="0">
    <skipped/>
  </testcase>
  <testcase name="And Verify That User is on PACKAGE PUBLICATION SUCCESS page able to publish package successfully with the message" classname="Scenario: New Package creation" time="0">
    <skipped/>
  </testcase>
  <testcase name="Then Click on Continue button" classname="Scenario: New Package creation" time="0">
    <skipped/>
  </testcase>
  <testcase name="And Verify that User is on MANAGE OPPORTUNITY page and validate opportunity number" classname="Scenario: New Package creation" time="0">
    <skipped/>
  </testcase>
</testsuite>